[I 2026-09-02 08:55:34,719] A new study created in memory with name: no-name-47315979-9f9a-40be-ba17-869566dda38c
[I 2026-09-02 08:56:35,325] Trial 0 finished with value: 12121.814924546541 and parameters: {'lr': 5.5606869269633186e-05, 'entropy_coef': 0.061202546043189365, 'clip_range': 0.2953270956320602, 'hidden_size': 192, 'pid_kp': 0.6512639239723287, 'pid_ki': 1.061935162245925, 'pid_lambda_max': 0.9069494382098385, 'frontier_max': 10}. Best is trial 0 with value: 12121.814924546541.
[I 2026-09-02 08:57:24,228] Trial 1 finished with value: 11603.253293827189 and parameters: {'lr': 6.89840277986852e-05, 'entropy_coef': 0.22519545414560593, 'clip_range': 0.10963502054257053, 'hidden_size': 128, 'pid_kp': 4.5398778279424, 'pid_ki': 1.1114653525181308, 'pid_lambda_max': 0.21727523833658466, 'frontier_max': 24}. Best is trial 1 with value: 11603.253293827189.
[I 2026-09-02 08:58:28,032] Trial 2 finished with value: 11672.688504726213 and parameters: {'lr': 5.826348119663015e-05, 'entropy_coef': 0.27425362450925045, 'clip_range': 0.1298334266146705, 'hidden_size': 192, 'pid_kp': 9.357651444973113, 'pid_ki': 0.43389283884884294, 'pid_lambda_max': 0.8183414432265924, 'frontier_max': 24}. Best is trial 1 with value: 11603.253293827189.
[I 2026-09-02 08:59:18,546] Trial 3 finished with value: 11513.236165086713 and parameters: {'lr': 0.00015102069080964975, 'entropy_coef': 0.07541914125859127, 'clip_range': 0.14143600004295104, 'hidden_size': 128, 'pid_kp': 0.32824787892859847, 'pid_ki': 0.07949276763664863, 'pid_lambda_max': 0.35413249266872887, 'frontier_max': 24}. Best is trial 3 with value: 11513.236165086713.
[I 2026-09-02 09:00:03,953] Trial 4 finished with value: 12048.652456577162 and parameters: {'lr': 0.0003320893700316203, 'entropy_coef': 0.025132278615338528, 'clip_range': 0.13399190809743802, 'hidden_size': 64, 'pid_kp': 0.3654208747436188, 'pid_ki': 0.38418917655028895, 'pid_lambda_max': 2.9700853592417777, 'frontier_max': 24}. Best is trial 3 with value: 11513.236165086713.
[I 2026-09-02 09:00:46,229] Trial 5 finished with value: 11517.491193185888 and parameters: {'lr': 0.00019961461015045057, 'entropy_coef': 0.10088536792933661, 'clip_range': 0.21750156389754605, 'hidden_size': 128, 'pid_kp': 0.7529841216744162, 'pid_ki': 1.05903876608578, 'pid_lambda_max': 0.3153967969658369, 'frontier_max': 16}. Best is trial 3 with value: 11513.236165086713.
[I 2026-09-02 09:01:29,831] Trial 6 finished with value: 11759.915272070059 and parameters: {'lr': 0.00012419457486719413, 'entropy_coef': 0.07106309111149094, 'clip_range': 0.15349286107161356, 'hidden_size': 64, 'pid_kp': 7.401045659012683, 'pid_ki': 0.5672309605358302, 'pid_lambda_max': 0.4260344677838052, 'frontier_max': 24}. Best is trial 3 with value: 11513.236165086713.
[I 2026-09-02 09:02:19,542] Trial 7 finished with value: 12178.552736268857 and parameters: {'lr': 6.661350083623665e-05, 'entropy_coef': 0.031522530850388, 'clip_range': 0.14648987684972778, 'hidden_size': 128, 'pid_kp': 3.1067566980292267, 'pid_ki': 1.303186055666364, 'pid_lambda_max': 1.3903648505348138, 'frontier_max': 24}. Best is trial 3 with value: 11513.236165086713.
[I 2026-09-02 09:03:08,675] Trial 8 finished with value: 11503.686768918526 and parameters: {'lr': 0.000405115120651274, 'entropy_coef': 0.1050662288628048, 'clip_range': 0.27811966093113766, 'hidden_size': 128, 'pid_kp': 11.50868600610036, 'pid_ki': 0.16330848894162944, 'pid_lambda_max': 0.4806939024213395, 'frontier_max': 24}. Best is trial 8 with value: 11503.686768918526.
[I 2026-09-02 09:03:58,279] Trial 9 finished with value: 11397.755638286524 and parameters: {'lr': 0.00016082035626751128, 'entropy_coef': 0.07120966031162115, 'clip_range': 0.28364430698894716, 'hidden_size': 192, 'pid_kp': 12.18265813266537, 'pid_ki': 0.03735792561148804, 'pid_lambda_max': 0.589445639617262, 'frontier_max': 16}. Best is trial 9 with value: 11397.755638286524.
[I 2026-09-02 09:04:46,062] Trial 10 finished with value: 12264.85192453677 and parameters: {'lr': 3.21739187028876e-05, 'entropy_coef': 0.03833951101303089, 'clip_range': 0.21473835278829465, 'hidden_size': 192, 'pid_kp': 1.8204046810581116, 'pid_ki': 0.033094799576069145, 'pid_lambda_max': 2.061013121784055, 'frontier_max': 16}. Best is trial 9 with value: 11397.755638286524.
[I 2026-09-02 09:05:31,936] Trial 11 finished with value: 11333.731626571369 and parameters: {'lr': 0.00044988960570049283, 'entropy_coef': 0.12662555874024636, 'clip_range': 0.2968533074332315, 'hidden_size': 192, 'pid_kp': 14.383821878801404, 'pid_ki': 0.12291704533209695, 'pid_lambda_max': 0.6449628755448891, 'frontier_max': 16}. Best is trial 11 with value: 11333.731626571369.
[I 2026-09-02 09:06:24,841] Trial 12 finished with value: 11419.832101002863 and parameters: {'lr': 0.0002627937786392612, 'entropy_coef': 0.1674092281790328, 'clip_range': 0.2605531456020356, 'hidden_size': 192, 'pid_kp': 13.437163673850606, 'pid_ki': 0.033954748405577884, 'pid_lambda_max': 0.6976211923339393, 'frontier_max': 16}. Best is trial 11 with value: 11333.731626571369.
[I 2026-09-02 09:07:20,698] Trial 13 finished with value: 11346.457923653908 and parameters: {'lr': 0.000472411085647067, 'entropy_coef': 0.12931941025116797, 'clip_range': 0.24425552277586077, 'hidden_size': 192, 'pid_kp': 5.995151307178177, 'pid_ki': 0.08257694158404297, 'pid_lambda_max': 0.5820957710679379, 'frontier_max': 16}. Best is trial 11 with value: 11333.731626571369.
[I 2026-09-02 09:08:16,062] Trial 14 finished with value: 11627.0218680899 and parameters: {'lr': 0.00046959777935720376, 'entropy_coef': 0.14677246586580642, 'clip_range': 0.2364233010889261, 'hidden_size': 192, 'pid_kp': 5.638536969230092, 'pid_ki': 0.12129137261381384, 'pid_lambda_max': 1.2354645432936193, 'frontier_max': 16}. Best is trial 11 with value: 11333.731626571369.
{"candidate": "tags", "best_value": 11333.731626571369, "best_params": {"lr": 0.00044988960570049283, "entropy_coef": 0.12662555874024636, "clip_range": 0.2968533074332315, "hidden_size": 192, "pid_kp": 14.383821878801404, "pid_ki": 0.12291704533209695, "pid_lambda_max": 0.6449628755448891, "frontier_max": 16}}
DONE_TUNE_TAGS_V2
