[I 2026-09-02 08:05:56,936] A new study created in memory with name: no-name-d9018d4b-8930-4340-ac72-c42d91e1bdaf
[I 2026-09-02 08:06:14,563] Trial 0 finished with value: 11514.43045174543 and parameters: {'lr': 5.5606869269633186e-05, 'entropy_coef': 0.061202546043189365, 'clip_range': 0.2953270956320602, 'hidden_size': 192, 'frontier_max': 16}. Best is trial 0 with value: 11514.43045174543.
[I 2026-09-02 08:06:28,170] Trial 1 finished with value: 11436.528775691706 and parameters: {'lr': 0.00027171223914393763, 'entropy_coef': 0.04537013471398587, 'clip_range': 0.17946019869724686, 'hidden_size': 128, 'frontier_max': 16}. Best is trial 1 with value: 11436.528775691706.
[I 2026-09-02 08:06:49,299] Trial 2 finished with value: 11870.25537390387 and parameters: {'lr': 0.00021168337741108868, 'entropy_coef': 0.24377834585979669, 'clip_range': 0.10611861350844348, 'hidden_size': 192, 'frontier_max': 16}. Best is trial 1 with value: 11436.528775691706.
[I 2026-09-02 08:07:09,247] Trial 3 finished with value: 12409.669426934524 and parameters: {'lr': 3.4231159546519684e-05, 'entropy_coef': 0.07150287050003218, 'clip_range': 0.23651549663458488, 'hidden_size': 64, 'frontier_max': 24}. Best is trial 1 with value: 11436.528775691706.
[I 2026-09-02 08:07:31,563] Trial 4 finished with value: 11859.550459164217 and parameters: {'lr': 0.00015102069080964975, 'entropy_coef': 0.07541914125859127, 'clip_range': 0.14143600004295104, 'hidden_size': 128, 'frontier_max': 16}. Best is trial 1 with value: 11436.528775691706.
[I 2026-09-02 08:07:50,376] Trial 5 finished with value: 12380.656252767883 and parameters: {'lr': 5.305184132240365e-05, 'entropy_coef': 0.12307904005694931, 'clip_range': 0.24844908879494318, 'hidden_size': 64, 'frontier_max': 10}. Best is trial 1 with value: 11436.528775691706.
[I 2026-09-02 08:08:12,473] Trial 6 finished with value: 11493.356385001387 and parameters: {'lr': 3.457276246646622e-05, 'entropy_coef': 0.11685052296080148, 'clip_range': 0.2992598663217561, 'hidden_size': 192, 'frontier_max': 10}. Best is trial 1 with value: 11436.528775691706.
[I 2026-09-02 08:08:31,597] Trial 7 finished with value: 12180.766684013077 and parameters: {'lr': 3.939348184920088e-05, 'entropy_coef': 0.2978939003496864, 'clip_range': 0.22744619497733584, 'hidden_size': 128, 'frontier_max': 16}. Best is trial 1 with value: 11436.528775691706.
[I 2026-09-02 08:08:55,367] Trial 8 finished with value: 12081.02596374616 and parameters: {'lr': 0.00012419457486719413, 'entropy_coef': 0.07106309111149094, 'clip_range': 0.15349286107161356, 'hidden_size': 64, 'frontier_max': 10}. Best is trial 1 with value: 11436.528775691706.
[I 2026-09-02 08:09:22,872] Trial 9 finished with value: 11795.81431686738 and parameters: {'lr': 0.00033314996861152007, 'entropy_coef': 0.14844001997503237, 'clip_range': 0.28310548244022415, 'hidden_size': 64, 'frontier_max': 16}. Best is trial 1 with value: 11436.528775691706.
[I 2026-09-02 08:09:56,302] Trial 10 finished with value: 11475.080851319204 and parameters: {'lr': 0.0004591616597379594, 'entropy_coef': 0.02328816333740658, 'clip_range': 0.18804338994749195, 'hidden_size': 128, 'frontier_max': 24}. Best is trial 1 with value: 11436.528775691706.
[I 2026-09-02 08:10:26,736] Trial 11 finished with value: 11623.808185124653 and parameters: {'lr': 0.0004803023988177525, 'entropy_coef': 0.0231820043296155, 'clip_range': 0.18636736262569673, 'hidden_size': 128, 'frontier_max': 24}. Best is trial 1 with value: 11436.528775691706.
[I 2026-09-02 08:10:58,270] Trial 12 finished with value: 11611.536677560884 and parameters: {'lr': 0.00028657801818640844, 'entropy_coef': 0.023317452617516936, 'clip_range': 0.1851341982231692, 'hidden_size': 128, 'frontier_max': 24}. Best is trial 1 with value: 11436.528775691706.
[I 2026-09-02 08:11:27,948] Trial 13 finished with value: 11459.756513078954 and parameters: {'lr': 0.0004646987928009064, 'entropy_coef': 0.03710223294842602, 'clip_range': 0.19371567643569954, 'hidden_size': 128, 'frontier_max': 24}. Best is trial 1 with value: 11436.528775691706.
[I 2026-09-02 08:11:59,128] Trial 14 finished with value: 11627.725078013971 and parameters: {'lr': 0.00022439688742237606, 'entropy_coef': 0.042380156853784295, 'clip_range': 0.21131038941825422, 'hidden_size': 128, 'frontier_max': 24}. Best is trial 1 with value: 11436.528775691706.
{"candidate": "hcbs_ppo", "best_value": 11436.528775691706, "best_params": {"lr": 0.00027171223914393763, "entropy_coef": 0.04537013471398587, "clip_range": 0.17946019869724686, "hidden_size": 128, "frontier_max": 16}}
