[I 2026-09-02 14:49:17,073] A new study created in memory with name: no-name-096beb10-15ad-420e-b508-9b9982529b5a
[I 2026-09-02 14:50:24,899] Trial 0 finished with value: 14737.097273650747 and parameters: {'lr': 5.5606869269633186e-05, 'entropy_coef': 0.061202546043189365, 'clip_range': 0.2953270956320602, 'hidden_size': 192, 'pid_kp': 1.1913800593855337, 'pid_ki': 2.7167272434229126, 'pid_lambda_max': 1.8757219615741372, 'frontier_max': 10}. Best is trial 0 with value: 14737.097273650747.
[I 2026-09-02 14:51:27,968] Trial 1 finished with value: 16822.675072300866 and parameters: {'lr': 6.89840277986852e-05, 'entropy_coef': 0.22519545414560593, 'clip_range': 0.10963502054257053, 'hidden_size': 128, 'pid_kp': 10.487037737770862, 'pid_ki': 2.85905529996669, 'pid_lambda_max': 0.33170041315238796, 'frontier_max': 24}. Best is trial 0 with value: 14737.097273650747.
[I 2026-09-02 14:56:14,449] Trial 2 finished with value: 15348.109743554618 and parameters: {'lr': 5.826348119663015e-05, 'entropy_coef': 0.27425362450925045, 'clip_range': 0.1298334266146705, 'hidden_size': 192, 'pid_kp': 23.57845202333653, 'pid_ki': 0.9968479648390639, 'pid_lambda_max': 1.6558984954900822, 'frontier_max': 24}. Best is trial 0 with value: 14737.097273650747.
[I 2026-09-02 15:00:29,230] Trial 3 finished with value: 16846.68277435164 and parameters: {'lr': 0.00015102069080964975, 'entropy_coef': 0.07541914125859127, 'clip_range': 0.14143600004295104, 'hidden_size': 128, 'pid_kp': 0.5530265248817888, 'pid_ki': 0.1489435861377383, 'pid_lambda_max': 0.5997593739583587, 'frontier_max': 24}. Best is trial 0 with value: 14737.097273650747.
[I 2026-09-02 15:03:49,932] Trial 4 finished with value: 14731.960015812605 and parameters: {'lr': 0.0003320893700316203, 'entropy_coef': 0.025132278615338528, 'clip_range': 0.13399190809743802, 'hidden_size': 64, 'pid_kp': 0.6236415426270955, 'pid_ki': 0.869848285285411, 'pid_lambda_max': 7.903381564244677, 'frontier_max': 24}. Best is trial 4 with value: 14731.960015812605.
[I 2026-09-02 15:06:26,962] Trial 5 finished with value: 17228.92101137596 and parameters: {'lr': 0.00019961461015045057, 'entropy_coef': 0.10088536792933661, 'clip_range': 0.21750156389754605, 'hidden_size': 128, 'pid_kp': 1.401688840007016, 'pid_ki': 2.7084285753652217, 'pid_lambda_max': 0.5211704505748395, 'frontier_max': 16}. Best is trial 4 with value: 14731.960015812605.
[I 2026-09-02 15:09:58,068] Trial 6 finished with value: 16559.134289627542 and parameters: {'lr': 0.00012419457486719413, 'entropy_coef': 0.07106309111149094, 'clip_range': 0.15349286107161356, 'hidden_size': 64, 'pid_kp': 18.130177203934362, 'pid_ki': 1.345824251891278, 'pid_lambda_max': 0.7504338617026672, 'frontier_max': 24}. Best is trial 4 with value: 14731.960015812605.
[I 2026-09-02 15:13:45,236] Trial 7 finished with value: 12983.404068822396 and parameters: {'lr': 6.661350083623665e-05, 'entropy_coef': 0.031522530850388, 'clip_range': 0.14648987684972778, 'hidden_size': 128, 'pid_kp': 6.856837531900501, 'pid_ki': 3.4169310762916045, 'pid_lambda_max': 3.1487343053947963, 'frontier_max': 24}. Best is trial 7 with value: 12983.404068822396.
[I 2026-09-02 15:18:04,505] Trial 8 finished with value: 16917.99614298949 and parameters: {'lr': 0.000405115120651274, 'entropy_coef': 0.1050662288628048, 'clip_range': 0.27811966093113766, 'hidden_size': 128, 'pid_kp': 29.728302700145548, 'pid_ki': 0.3336333953292301, 'pid_lambda_max': 0.8687093666825635, 'frontier_max': 24}. Best is trial 7 with value: 12983.404068822396.
[I 2026-09-02 15:21:22,580] Trial 9 finished with value: 16472.911254888866 and parameters: {'lr': 0.00016082035626751128, 'entropy_coef': 0.07120966031162115, 'clip_range': 0.28364430698894716, 'hidden_size': 192, 'pid_kp': 31.685162001389422, 'pid_ki': 0.06392585422112716, 'pid_lambda_max': 1.1124198042683304, 'frontier_max': 16}. Best is trial 7 with value: 12983.404068822396.
[I 2026-09-02 15:24:20,789] Trial 10 finished with value: 13558.34323906696 and parameters: {'lr': 3.21739187028876e-05, 'entropy_coef': 0.0230311915154981, 'clip_range': 0.19694335346537625, 'hidden_size': 128, 'pid_kp': 5.292722659409341, 'pid_ki': 0.33836032131401456, 'pid_lambda_max': 5.625652492237429, 'frontier_max': 10}. Best is trial 7 with value: 12983.404068822396.
[I 2026-09-02 15:27:33,190] Trial 11 finished with value: 13561.540640642825 and parameters: {'lr': 3.131243201511471e-05, 'entropy_coef': 0.020330895739325106, 'clip_range': 0.18967625978306737, 'hidden_size': 128, 'pid_kp': 4.357945762227832, 'pid_ki': 0.3790769448488915, 'pid_lambda_max': 4.977109113697376, 'frontier_max': 10}. Best is trial 7 with value: 12983.404068822396.
[I 2026-09-02 15:30:02,570] Trial 12 finished with value: 13096.800422789758 and parameters: {'lr': 3.482029930546828e-05, 'entropy_coef': 0.03244585243194973, 'clip_range': 0.18782144550524096, 'hidden_size': 128, 'pid_kp': 4.710733562311072, 'pid_ki': 0.05743947850148482, 'pid_lambda_max': 3.6170648057086443, 'frontier_max': 10}. Best is trial 7 with value: 12983.404068822396.
[I 2026-09-02 15:32:18,011] Trial 13 finished with value: 13563.830950585116 and parameters: {'lr': 8.531011155541014e-05, 'entropy_coef': 0.03785743921963495, 'clip_range': 0.1748672270937271, 'hidden_size': 128, 'pid_kp': 4.968343695550838, 'pid_ki': 0.05547404403217459, 'pid_lambda_max': 2.7456967858146126, 'frontier_max': 10}. Best is trial 7 with value: 12983.404068822396.
[I 2026-09-02 15:34:26,241] Trial 14 finished with value: 13159.312468366408 and parameters: {'lr': 4.076561943910801e-05, 'entropy_coef': 0.036865446026558266, 'clip_range': 0.22918973197232814, 'hidden_size': 128, 'pid_kp': 2.723362216034742, 'pid_ki': 0.14277571546539689, 'pid_lambda_max': 3.1672101329855757, 'frontier_max': 10}. Best is trial 7 with value: 12983.404068822396.
[I 2026-09-02 15:36:47,650] Trial 15 finished with value: 15666.777612675607 and parameters: {'lr': 9.571038978596413e-05, 'entropy_coef': 0.03693837420624666, 'clip_range': 0.24483924754453035, 'hidden_size': 64, 'pid_kp': 9.454995389829975, 'pid_ki': 0.13253744230931014, 'pid_lambda_max': 3.6235208451527945, 'frontier_max': 16}. Best is trial 7 with value: 12983.404068822396.
[I 2026-09-02 15:39:14,289] Trial 16 finished with value: 12945.112828973064 and parameters: {'lr': 4.47466652962188e-05, 'entropy_coef': 0.047922331712875375, 'clip_range': 0.16693832667132857, 'hidden_size': 128, 'pid_kp': 12.385974989741731, 'pid_ki': 1.578080866775299, 'pid_lambda_max': 1.8968592631667593, 'frontier_max': 10}. Best is trial 16 with value: 12945.112828973064.
[I 2026-09-02 15:42:09,920] Trial 17 finished with value: 13009.083369394355 and parameters: {'lr': 4.7797258648843164e-05, 'entropy_coef': 0.050769903026473474, 'clip_range': 0.15844784348300955, 'hidden_size': 128, 'pid_kp': 12.632753226387335, 'pid_ki': 1.665763445234465, 'pid_lambda_max': 1.8255406681594, 'frontier_max': 24}. Best is trial 16 with value: 12945.112828973064.
[I 2026-09-02 15:44:11,559] Trial 18 finished with value: 14899.179421546838 and parameters: {'lr': 8.04654718817406e-05, 'entropy_coef': 0.04958405237479859, 'clip_range': 0.10637469523213544, 'hidden_size': 192, 'pid_kp': 7.227889976263388, 'pid_ki': 3.6390310482359003, 'pid_lambda_max': 1.3036069247588569, 'frontier_max': 10}. Best is trial 16 with value: 12945.112828973064.
[I 2026-09-02 15:46:03,021] Trial 19 finished with value: 15172.021265233483 and parameters: {'lr': 0.00010973160154502191, 'entropy_coef': 0.1425240878747911, 'clip_range': 0.16683893295950397, 'hidden_size': 64, 'pid_kp': 2.8146838743218883, 'pid_ki': 0.613924917498353, 'pid_lambda_max': 2.6537183070692247, 'frontier_max': 16}. Best is trial 16 with value: 12945.112828973064.
{"candidate": "tags", "best_value": 12945.112828973064, "best_params": {"lr": 4.47466652962188e-05, "entropy_coef": 0.047922331712875375, "clip_range": 0.16693832667132857, "hidden_size": 128, "pid_kp": 12.385974989741731, "pid_ki": 1.578080866775299, "pid_lambda_max": 1.8968592631667593, "frontier_max": 10}, "mean_cost": 12945.112828973064, "mean_emissions": 9316.523254414416}
DONE_TUNE_COMPLIANCE
