[I 2026-09-02 08:12:11,354] A new study created in memory with name: no-name-13f0b3c1-838a-4475-bd7f-205a5d404632
[I 2026-09-02 08:12:44,042] Trial 0 finished with value: 13696.812742519247 and parameters: {'lr': 5.5606869269633186e-05, 'entropy_coef': 0.061202546043189365, 'clip_range': 0.2953270956320602, 'hidden_size': 192, 'pid_kp': 0.008660752921748586, 'pid_ki': 0.007676067824189339, 'frontier_max': 16}. Best is trial 0 with value: 13696.812742519247.
[I 2026-09-02 08:13:16,051] Trial 1 finished with value: 13052.927733304869 and parameters: {'lr': 9.174089587728147e-05, 'entropy_coef': 0.04457738285917684, 'clip_range': 0.2788176922029, 'hidden_size': 192, 'pid_kp': 0.013706483847591286, 'pid_ki': 0.004004297473619423, 'frontier_max': 10}. Best is trial 1 with value: 13052.927733304869.
[I 2026-09-02 08:13:46,101] Trial 2 finished with value: 11415.081855654173 and parameters: {'lr': 5.760706681773999e-05, 'entropy_coef': 0.11406055455562154, 'clip_range': 0.14718672015458265, 'hidden_size': 64, 'pid_kp': 0.018426787640090456, 'pid_ki': 0.0038638813717357394, 'frontier_max': 10}. Best is trial 2 with value: 11415.081855654173.
[I 2026-09-02 08:14:15,694] Trial 3 finished with value: 11972.19830100861 and parameters: {'lr': 0.00011161727420825847, 'entropy_coef': 0.04015656827627926, 'clip_range': 0.2016056561399667, 'hidden_size': 64, 'pid_kp': 0.01745371617420724, 'pid_ki': 0.008353060864664712, 'frontier_max': 10}. Best is trial 2 with value: 11415.081855654173.
[I 2026-09-02 08:14:41,325] Trial 4 finished with value: 13630.045298721574 and parameters: {'lr': 5.431391498977031e-05, 'entropy_coef': 0.03462083296178057, 'clip_range': 0.23419946770466454, 'hidden_size': 128, 'pid_kp': 0.008009800205422623, 'pid_ki': 0.009303819162227441, 'frontier_max': 16}. Best is trial 2 with value: 11415.081855654173.
[I 2026-09-02 08:15:11,165] Trial 5 finished with value: 13186.167649774974 and parameters: {'lr': 0.00018773601733439957, 'entropy_coef': 0.29700853592417764, 'clip_range': 0.192636507586596, 'hidden_size': 192, 'pid_kp': 0.026213037391835375, 'pid_ki': 0.0029062655917570235, 'frontier_max': 16}. Best is trial 2 with value: 11415.081855654173.
[I 2026-09-02 08:15:38,844] Trial 6 finished with value: 13587.226247423569 and parameters: {'lr': 5.814978783624604e-05, 'entropy_coef': 0.23575947647713758, 'clip_range': 0.13364148510078153, 'hidden_size': 128, 'pid_kp': 0.020276785435803326, 'pid_ki': 0.002032717558019239, 'frontier_max': 16}. Best is trial 2 with value: 11415.081855654173.
[I 2026-09-02 08:16:11,926] Trial 7 finished with value: 13440.334023837271 and parameters: {'lr': 4.7889429870806304e-05, 'entropy_coef': 0.18396870889144204, 'clip_range': 0.25028383896786693, 'hidden_size': 128, 'pid_kp': 0.0632957945670923, 'pid_ki': 0.0011691276438788886, 'frontier_max': 24}. Best is trial 2 with value: 11415.081855654173.
[I 2026-09-02 08:16:42,735] Trial 8 finished with value: 12256.667271715003 and parameters: {'lr': 0.00033031822188134556, 'entropy_coef': 0.025762282126582974, 'clip_range': 0.21950605202189544, 'hidden_size': 64, 'pid_kp': 0.02643620524196264, 'pid_ki': 0.00926373677018444, 'frontier_max': 10}. Best is trial 2 with value: 11415.081855654173.
[I 2026-09-02 08:17:06,579] Trial 9 finished with value: 11413.065055911635 and parameters: {'lr': 5.304761803075522e-05, 'entropy_coef': 0.2496303039464243, 'clip_range': 0.16074492684370797, 'hidden_size': 64, 'pid_kp': 0.0296525839786813, 'pid_ki': 0.003382742791620964, 'frontier_max': 10}. Best is trial 9 with value: 11413.065055911635.
[I 2026-09-02 08:17:37,629] Trial 10 finished with value: 11781.96834919896 and parameters: {'lr': 0.0004382585974046156, 'entropy_coef': 0.10065835137542763, 'clip_range': 0.11473271970248611, 'hidden_size': 64, 'pid_kp': 0.0578497187193003, 'pid_ki': 0.0005390406697833555, 'frontier_max': 24}. Best is trial 9 with value: 11413.065055911635.
[I 2026-09-02 08:18:07,626] Trial 11 finished with value: 11427.792935018982 and parameters: {'lr': 3.107394312922831e-05, 'entropy_coef': 0.12702244748682354, 'clip_range': 0.15811859743805579, 'hidden_size': 64, 'pid_kp': 0.038554542177561275, 'pid_ki': 0.004425894500001194, 'frontier_max': 10}. Best is trial 9 with value: 11413.065055911635.
[I 2026-09-02 08:18:36,714] Trial 12 finished with value: 11932.194692879155 and parameters: {'lr': 0.00010111217738159122, 'entropy_coef': 0.0980444788224909, 'clip_range': 0.16418454556243067, 'hidden_size': 64, 'pid_kp': 0.03625823583138922, 'pid_ki': 0.001769041083957447, 'frontier_max': 10}. Best is trial 9 with value: 11413.065055911635.
[I 2026-09-02 08:19:02,927] Trial 13 finished with value: 11423.425949445618 and parameters: {'lr': 3.2794249932931215e-05, 'entropy_coef': 0.16170125408049782, 'clip_range': 0.15926867575141554, 'hidden_size': 64, 'pid_kp': 0.01147415776881665, 'pid_ki': 0.004572270388033545, 'frontier_max': 10}. Best is trial 9 with value: 11413.065055911635.
[I 2026-09-02 08:19:33,732] Trial 14 finished with value: 11507.550502991468 and parameters: {'lr': 7.984125140801743e-05, 'entropy_coef': 0.06594900834445558, 'clip_range': 0.10162075299924374, 'hidden_size': 64, 'pid_kp': 0.03553403213267625, 'pid_ki': 0.0026751163680670863, 'frontier_max': 10}. Best is trial 9 with value: 11413.065055911635.
{"candidate": "tags", "best_value": 11413.065055911635, "best_params": {"lr": 5.304761803075522e-05, "entropy_coef": 0.2496303039464243, "clip_range": 0.16074492684370797, "hidden_size": 64, "pid_kp": 0.0296525839786813, "pid_ki": 0.003382742791620964, "frontier_max": 10}}
